Analysis & Synthesis report for FPGA_Music_Box
Sun Jan 26 13:14:11 2020
Quartus Prime Version 18.0.0 Build 614 04/24/2018 SJ Lite Edition


---------------------
; Table of Contents ;
---------------------
  1. Legal Notice
  2. Analysis & Synthesis Summary
  3. Analysis & Synthesis Settings
  4. Parallel Compilation
  5. Analysis & Synthesis Source Files Read
  6. Analysis & Synthesis Resource Usage Summary
  7. Analysis & Synthesis Resource Utilization by Entity
  8. Registers Removed During Synthesis
  9. General Register Statistics
 10. Multiplexer Restructuring Statistics (Restructuring Performed)
 11. Parameter Settings for User Entity Instance: ClockGenerator:clockGenerator_1Khz
 12. Parameter Settings for User Entity Instance: ClockGenerator:clockGenerator_1hz
 13. Port Connectivity Checks: "ClockGenerator:clockGenerator_1hz"
 14. Port Connectivity Checks: "MusicKeysController:musicKeysController"
 15. Port Connectivity Checks: "MusicBoxStateController:musicBoxStateController|MusicBoxState_PlaySong0:musicBoxState_PlaySong0"
 16. Port Connectivity Checks: "MusicBoxStateController:musicBoxStateController"
 17. Post-Synthesis Netlist Statistics for Top Partition
 18. Elapsed Time Per Partition
 19. Analysis & Synthesis Messages
 20. Analysis & Synthesis Suppressed Messages



----------------
; Legal Notice ;
----------------
Copyright (C) 2018  Intel Corporation. All rights reserved.
Your use of Intel Corporation's design tools, logic functions 
and other software and tools, and its AMPP partner logic 
functions, and any output files from any of the foregoing 
(including device programming or simulation files), and any 
associated documentation or information are expressly subject 
to the terms and conditions of the Intel Program License 
Subscription Agreement, the Intel Quartus Prime License Agreement,
the Intel FPGA IP License Agreement, or other applicable license
agreement, including, without limitation, that your use is for
the sole purpose of programming logic devices manufactured by
Intel and sold by Intel or its authorized distributors.  Please
refer to the applicable agreement for further details.



+----------------------------------------------------------------------------------+
; Analysis & Synthesis Summary                                                     ;
+------------------------------------+---------------------------------------------+
; Analysis & Synthesis Status        ; Successful - Sun Jan 26 13:14:11 2020       ;
; Quartus Prime Version              ; 18.0.0 Build 614 04/24/2018 SJ Lite Edition ;
; Revision Name                      ; FPGA_Music_Box                              ;
; Top-level Entity Name              ; MusicBox_Main                               ;
; Family                             ; MAX 10                                      ;
; Total logic elements               ; 160                                         ;
;     Total combinational functions  ; 160                                         ;
;     Dedicated logic registers      ; 104                                         ;
; Total registers                    ; 104                                         ;
; Total pins                         ; 114                                         ;
; Total virtual pins                 ; 0                                           ;
; Total memory bits                  ; 0                                           ;
; Embedded Multiplier 9-bit elements ; 0                                           ;
; Total PLLs                         ; 0                                           ;
; UFM blocks                         ; 0                                           ;
; ADC blocks                         ; 0                                           ;
+------------------------------------+---------------------------------------------+


+------------------------------------------------------------------------------------------------------------+
; Analysis & Synthesis Settings                                                                              ;
+------------------------------------------------------------------+--------------------+--------------------+
; Option                                                           ; Setting            ; Default Value      ;
+------------------------------------------------------------------+--------------------+--------------------+
; Device                                                           ; 10M50DAF484C7G     ;                    ;
; Top-level entity name                                            ; MusicBox_Main      ; FPGA_Music_Box     ;
; Family name                                                      ; MAX 10             ; Cyclone V          ;
; Use smart compilation                                            ; Off                ; Off                ;
; Enable parallel Assembler and Timing Analyzer during compilation ; On                 ; On                 ;
; Enable compact report table                                      ; Off                ; Off                ;
; Restructure Multiplexers                                         ; Auto               ; Auto               ;
; Create Debugging Nodes for IP Cores                              ; Off                ; Off                ;
; Preserve fewer node names                                        ; On                 ; On                 ;
; Intel FPGA IP Evaluation Mode                                    ; Enable             ; Enable             ;
; Verilog Version                                                  ; Verilog_2001       ; Verilog_2001       ;
; VHDL Version                                                     ; VHDL_1993          ; VHDL_1993          ;
; State Machine Processing                                         ; Auto               ; Auto               ;
; Safe State Machine                                               ; Off                ; Off                ;
; Extract Verilog State Machines                                   ; On                 ; On                 ;
; Extract VHDL State Machines                                      ; On                 ; On                 ;
; Ignore Verilog initial constructs                                ; Off                ; Off                ;
; Iteration limit for constant Verilog loops                       ; 5000               ; 5000               ;
; Iteration limit for non-constant Verilog loops                   ; 250                ; 250                ;
; Add Pass-Through Logic to Inferred RAMs                          ; On                 ; On                 ;
; Infer RAMs from Raw Logic                                        ; On                 ; On                 ;
; Parallel Synthesis                                               ; On                 ; On                 ;
; DSP Block Balancing                                              ; Auto               ; Auto               ;
; NOT Gate Push-Back                                               ; On                 ; On                 ;
; Power-Up Don't Care                                              ; On                 ; On                 ;
; Remove Redundant Logic Cells                                     ; Off                ; Off                ;
; Remove Duplicate Registers                                       ; On                 ; On                 ;
; Ignore CARRY Buffers                                             ; Off                ; Off                ;
; Ignore CASCADE Buffers                                           ; Off                ; Off                ;
; Ignore GLOBAL Buffers                                            ; Off                ; Off                ;
; Ignore ROW GLOBAL Buffers                                        ; Off                ; Off                ;
; Ignore LCELL Buffers                                             ; Off                ; Off                ;
; Ignore SOFT Buffers                                              ; On                 ; On                 ;
; Limit AHDL Integers to 32 Bits                                   ; Off                ; Off                ;
; Optimization Technique                                           ; Balanced           ; Balanced           ;
; Carry Chain Length                                               ; 70                 ; 70                 ;
; Auto Carry Chains                                                ; On                 ; On                 ;
; Auto Open-Drain Pins                                             ; On                 ; On                 ;
; Perform WYSIWYG Primitive Resynthesis                            ; Off                ; Off                ;
; Auto ROM Replacement                                             ; On                 ; On                 ;
; Auto RAM Replacement                                             ; On                 ; On                 ;
; Auto DSP Block Replacement                                       ; On                 ; On                 ;
; Auto Shift Register Replacement                                  ; Auto               ; Auto               ;
; Allow Shift Register Merging across Hierarchies                  ; Auto               ; Auto               ;
; Auto Clock Enable Replacement                                    ; On                 ; On                 ;
; Strict RAM Replacement                                           ; Off                ; Off                ;
; Allow Synchronous Control Signals                                ; On                 ; On                 ;
; Force Use of Synchronous Clear Signals                           ; Off                ; Off                ;
; Auto RAM Block Balancing                                         ; On                 ; On                 ;
; Auto RAM to Logic Cell Conversion                                ; Off                ; Off                ;
; Auto Resource Sharing                                            ; Off                ; Off                ;
; Allow Any RAM Size For Recognition                               ; Off                ; Off                ;
; Allow Any ROM Size For Recognition                               ; Off                ; Off                ;
; Allow Any Shift Register Size For Recognition                    ; Off                ; Off                ;
; Use LogicLock Constraints during Resource Balancing              ; On                 ; On                 ;
; Ignore translate_off and synthesis_off directives                ; Off                ; Off                ;
; Timing-Driven Synthesis                                          ; On                 ; On                 ;
; Report Parameter Settings                                        ; On                 ; On                 ;
; Report Source Assignments                                        ; On                 ; On                 ;
; Report Connectivity Checks                                       ; On                 ; On                 ;
; Ignore Maximum Fan-Out Assignments                               ; Off                ; Off                ;
; Synchronization Register Chain Length                            ; 2                  ; 2                  ;
; Power Optimization During Synthesis                              ; Normal compilation ; Normal compilation ;
; HDL message level                                                ; Level2             ; Level2             ;
; Suppress Register Optimization Related Messages                  ; Off                ; Off                ;
; Number of Removed Registers Reported in Synthesis Report         ; 5000               ; 5000               ;
; Number of Swept Nodes Reported in Synthesis Report               ; 5000               ; 5000               ;
; Number of Inverted Registers Reported in Synthesis Report        ; 100                ; 100                ;
; Clock MUX Protection                                             ; On                 ; On                 ;
; Auto Gated Clock Conversion                                      ; Off                ; Off                ;
; Block Design Naming                                              ; Auto               ; Auto               ;
; SDC constraint protection                                        ; Off                ; Off                ;
; Synthesis Effort                                                 ; Auto               ; Auto               ;
; Shift Register Replacement - Allow Asynchronous Clear Signal     ; On                 ; On                 ;
; Pre-Mapping Resynthesis Optimization                             ; Off                ; Off                ;
; Analysis & Synthesis Message Level                               ; Medium             ; Medium             ;
; Disable Register Merging Across Hierarchies                      ; Auto               ; Auto               ;
; Resource Aware Inference For Block RAM                           ; On                 ; On                 ;
+------------------------------------------------------------------+--------------------+--------------------+


+------------------------------------------+
; Parallel Compilation                     ;
+----------------------------+-------------+
; Processors                 ; Number      ;
+----------------------------+-------------+
; Number detected on machine ; 4           ;
; Maximum allowed            ; 2           ;
;                            ;             ;
; Average used               ; 1.00        ;
; Maximum used               ; 2           ;
;                            ;             ;
; Usage by Processor         ; % Time Used ;
;     Processor 1            ; 100.0%      ;
;     Processor 2            ;   0.0%      ;
+----------------------------+-------------+


+-----------------------------------------------------------------------------------------------------------------------------------------------------------------------------------------------------------------------------------------------------------------------------+
; Analysis & Synthesis Source Files Read                                                                                                                                                                                                                                      ;
+---------------------------------------------------------------+-----------------+------------------------------+--------------------------------------------------------------------------------------------------------------------------------------------------+---------+
; File Name with User-Entered Path                              ; Used in Netlist ; File Type                    ; File Name with Absolute Path                                                                                                                     ; Library ;
+---------------------------------------------------------------+-----------------+------------------------------+--------------------------------------------------------------------------------------------------------------------------------------------------+---------+
; Source Code/Utility/ClockGenerator.sv                         ; yes             ; User SystemVerilog HDL File  ; C:/Users/Graham/Google Drive/SCHOOL/W20/ECE 342 JUNIOR DESIGN II/Music Box Quartus/Source Code/Utility/ClockGenerator.sv                         ;         ;
; Source Code/User Interface Modules/MusicBoxState_PlaySong0.sv ; yes             ; User SystemVerilog HDL File  ; C:/Users/Graham/Google Drive/SCHOOL/W20/ECE 342 JUNIOR DESIGN II/Music Box Quartus/Source Code/User Interface Modules/MusicBoxState_PlaySong0.sv ;         ;
; Source Code/User Interface Modules/MusicKeysController.sv     ; yes             ; User SystemVerilog HDL File  ; C:/Users/Graham/Google Drive/SCHOOL/W20/ECE 342 JUNIOR DESIGN II/Music Box Quartus/Source Code/User Interface Modules/MusicKeysController.sv     ;         ;
; Source Code/User Interface Modules/MusicBoxStateController.sv ; yes             ; User SystemVerilog HDL File  ; C:/Users/Graham/Google Drive/SCHOOL/W20/ECE 342 JUNIOR DESIGN II/Music Box Quartus/Source Code/User Interface Modules/MusicBoxStateController.sv ;         ;
; Source Code/User Interface Modules/UI_TriggerSmoother.sv      ; yes             ; User SystemVerilog HDL File  ; C:/Users/Graham/Google Drive/SCHOOL/W20/ECE 342 JUNIOR DESIGN II/Music Box Quartus/Source Code/User Interface Modules/UI_TriggerSmoother.sv      ;         ;
; Source Code/MusicBox_Main.sv                                  ; yes             ; User SystemVerilog HDL File  ; C:/Users/Graham/Google Drive/SCHOOL/W20/ECE 342 JUNIOR DESIGN II/Music Box Quartus/Source Code/MusicBox_Main.sv                                  ;         ;
+---------------------------------------------------------------+-----------------+------------------------------+--------------------------------------------------------------------------------------------------------------------------------------------------+---------+


+---------------------------------------------------------------------------+
; Analysis & Synthesis Resource Usage Summary                               ;
+---------------------------------------------+-----------------------------+
; Resource                                    ; Usage                       ;
+---------------------------------------------+-----------------------------+
; Estimated Total logic elements              ; 160                         ;
;                                             ;                             ;
; Total combinational functions               ; 160                         ;
; Logic element usage by number of LUT inputs ;                             ;
;     -- 4 input functions                    ; 54                          ;
;     -- 3 input functions                    ; 3                           ;
;     -- <=2 input functions                  ; 103                         ;
;                                             ;                             ;
; Logic elements by mode                      ;                             ;
;     -- normal mode                          ; 67                          ;
;     -- arithmetic mode                      ; 93                          ;
;                                             ;                             ;
; Total registers                             ; 104                         ;
;     -- Dedicated logic registers            ; 104                         ;
;     -- I/O registers                        ; 0                           ;
;                                             ;                             ;
; I/O pins                                    ; 114                         ;
;                                             ;                             ;
; Embedded Multiplier 9-bit elements          ; 0                           ;
;                                             ;                             ;
; Maximum fan-out node                        ; max10Board_50MhzClock~input ;
; Maximum fan-out                             ; 87                          ;
; Total fan-out                               ; 1010                        ;
; Average fan-out                             ; 1.99                        ;
+---------------------------------------------+-----------------------------+


+------------------------------------------------------------------------------------------------------------------------------------------------------------------------------------------------------------------------------------------------------------------------------------------------------------------------------------------------------------------------+
; Analysis & Synthesis Resource Utilization by Entity                                                                                                                                                                                                                                                                                                                    ;
+---------------------------------------------------------+---------------------+---------------------------+-------------+------------+--------------+---------+-----------+------+--------------+------------+----------------------------------------------------------------------------------------------------------------+-------------------------+--------------+
; Compilation Hierarchy Node                              ; Combinational ALUTs ; Dedicated Logic Registers ; Memory Bits ; UFM Blocks ; DSP Elements ; DSP 9x9 ; DSP 18x18 ; Pins ; Virtual Pins ; ADC blocks ; Full Hierarchy Name                                                                                            ; Entity Name             ; Library Name ;
+---------------------------------------------------------+---------------------+---------------------------+-------------+------------+--------------+---------+-----------+------+--------------+------------+----------------------------------------------------------------------------------------------------------------+-------------------------+--------------+
; |MusicBox_Main                                          ; 160 (0)             ; 104 (0)                   ; 0           ; 0          ; 0            ; 0       ; 0         ; 114  ; 0            ; 0          ; |MusicBox_Main                                                                                                 ; MusicBox_Main           ; work         ;
;    |ClockGenerator:clockGenerator_1Khz|                 ; 27 (27)             ; 16 (16)                   ; 0           ; 0          ; 0            ; 0       ; 0         ; 0    ; 0            ; 0          ; |MusicBox_Main|ClockGenerator:clockGenerator_1Khz                                                              ; ClockGenerator          ; work         ;
;    |MusicBoxStateController:musicBoxStateController|    ; 34 (11)             ; 20 (3)                    ; 0           ; 0          ; 0            ; 0       ; 0         ; 0    ; 0            ; 0          ; |MusicBox_Main|MusicBoxStateController:musicBoxStateController                                                 ; MusicBoxStateController ; work         ;
;       |MusicBoxState_PlaySong0:musicBoxState_PlaySong0| ; 23 (23)             ; 17 (17)                   ; 0           ; 0          ; 0            ; 0       ; 0         ; 0    ; 0            ; 0          ; |MusicBox_Main|MusicBoxStateController:musicBoxStateController|MusicBoxState_PlaySong0:musicBoxState_PlaySong0 ; MusicBoxState_PlaySong0 ; work         ;
;    |UI_TriggerSmoother:UIs_Makerecording|               ; 26 (26)             ; 17 (17)                   ; 0           ; 0          ; 0            ; 0       ; 0         ; 0    ; 0            ; 0          ; |MusicBox_Main|UI_TriggerSmoother:UIs_Makerecording                                                            ; UI_TriggerSmoother      ; work         ;
;    |UI_TriggerSmoother:UIs_PlayRecording|               ; 26 (26)             ; 17 (17)                   ; 0           ; 0          ; 0            ; 0       ; 0         ; 0    ; 0            ; 0          ; |MusicBox_Main|UI_TriggerSmoother:UIs_PlayRecording                                                            ; UI_TriggerSmoother      ; work         ;
;    |UI_TriggerSmoother:UIs_PlaySong0|                   ; 21 (21)             ; 17 (17)                   ; 0           ; 0          ; 0            ; 0       ; 0         ; 0    ; 0            ; 0          ; |MusicBox_Main|UI_TriggerSmoother:UIs_PlaySong0                                                                ; UI_TriggerSmoother      ; work         ;
;    |UI_TriggerSmoother:UIs_PlaySong1|                   ; 26 (26)             ; 17 (17)                   ; 0           ; 0          ; 0            ; 0       ; 0         ; 0    ; 0            ; 0          ; |MusicBox_Main|UI_TriggerSmoother:UIs_PlaySong1                                                                ; UI_TriggerSmoother      ; work         ;
+---------------------------------------------------------+---------------------+---------------------------+-------------+------------+--------------+---------+-----------+------+--------------+------------+----------------------------------------------------------------------------------------------------------------+-------------------------+--------------+
Note: For table entries with two numbers listed, the numbers in parentheses indicate the number of resources of the given type used by the specific entity alone. The numbers listed outside of parentheses indicate the total resources of the given type used by the specific entity and all of its sub-entities in the hierarchy.


+----------------------------------------------------------------------------------------------------------------------------------------------------------+
; Registers Removed During Synthesis                                                                                                                       ;
+---------------------------------------------------------------------------+------------------------------------------------------------------------------+
; Register name                                                             ; Reason for Removal                                                           ;
+---------------------------------------------------------------------------+------------------------------------------------------------------------------+
; MusicBoxStateController:musicBoxStateController|currentState[3..9,11..31] ; Merged with MusicBoxStateController:musicBoxStateController|currentState[10] ;
; MusicBoxStateController:musicBoxStateController|currentState[10]          ; Stuck at GND due to stuck port data_in                                       ;
; Total Number of Removed Registers = 29                                    ;                                                                              ;
+---------------------------------------------------------------------------+------------------------------------------------------------------------------+


+------------------------------------------------------+
; General Register Statistics                          ;
+----------------------------------------------+-------+
; Statistic                                    ; Value ;
+----------------------------------------------+-------+
; Total registers                              ; 104   ;
; Number of registers using Synchronous Clear  ; 84    ;
; Number of registers using Synchronous Load   ; 0     ;
; Number of registers using Asynchronous Clear ; 71    ;
; Number of registers using Asynchronous Load  ; 0     ;
; Number of registers using Clock Enable       ; 84    ;
; Number of registers using Preset             ; 0     ;
+----------------------------------------------+-------+


+-----------------------------------------------------------------------------------------------------------------------------------------------------------------------------------------------------------------------------------------+
; Multiplexer Restructuring Statistics (Restructuring Performed)                                                                                                                                                                          ;
+--------------------+-----------+---------------+----------------------+------------------------+------------+---------------------------------------------------------------------------------------------------------------------------+
; Multiplexer Inputs ; Bus Width ; Baseline Area ; Area if Restructured ; Saving if Restructured ; Registered ; Example Multiplexer Output                                                                                                ;
+--------------------+-----------+---------------+----------------------+------------------------+------------+---------------------------------------------------------------------------------------------------------------------------+
; 3:1                ; 16 bits   ; 32 LEs        ; 16 LEs               ; 16 LEs                 ; Yes        ; |MusicBox_Main|MusicBoxStateController:musicBoxStateController|MusicBoxState_PlaySong0:musicBoxState_PlaySong0|counter[0] ;
; 3:1                ; 17 bits   ; 34 LEs        ; 17 LEs               ; 17 LEs                 ; Yes        ; |MusicBox_Main|UI_TriggerSmoother:UIs_PlaySong0|timeCounter[14]                                                           ;
; 3:1                ; 17 bits   ; 34 LEs        ; 17 LEs               ; 17 LEs                 ; Yes        ; |MusicBox_Main|UI_TriggerSmoother:UIs_PlaySong1|timeCounter[1]                                                            ;
; 3:1                ; 17 bits   ; 34 LEs        ; 17 LEs               ; 17 LEs                 ; Yes        ; |MusicBox_Main|UI_TriggerSmoother:UIs_PlayRecording|timeCounter[13]                                                       ;
; 3:1                ; 17 bits   ; 34 LEs        ; 17 LEs               ; 17 LEs                 ; Yes        ; |MusicBox_Main|UI_TriggerSmoother:UIs_Makerecording|timeCounter[11]                                                       ;
; 7:1                ; 4 bits    ; 16 LEs        ; 12 LEs               ; 4 LEs                  ; Yes        ; |MusicBox_Main|MusicBoxStateController:musicBoxStateController|currentState[2]                                            ;
+--------------------+-----------+---------------+----------------------+------------------------+------------+---------------------------------------------------------------------------------------------------------------------------+


+---------------------------------------------------------------------------------+
; Parameter Settings for User Entity Instance: ClockGenerator:clockGenerator_1Khz ;
+------------------------+-------+------------------------------------------------+
; Parameter Name         ; Value ; Type                                           ;
+------------------------+-------+------------------------------------------------+
; BitsNeeded             ; 15    ; Signed Integer                                 ;
; InputClockEdgesToCount ; 25000 ; Signed Integer                                 ;
+------------------------+-------+------------------------------------------------+
Note: In order to hide this table in the UI and the text report file, please set the "Show Parameter Settings in Synthesis Report" option in "Analysis and Synthesis Settings -> More Settings" to "Off".


+--------------------------------------------------------------------------------+
; Parameter Settings for User Entity Instance: ClockGenerator:clockGenerator_1hz ;
+------------------------+-------+-----------------------------------------------+
; Parameter Name         ; Value ; Type                                          ;
+------------------------+-------+-----------------------------------------------+
; BitsNeeded             ; 10    ; Signed Integer                                ;
; InputClockEdgesToCount ; 500   ; Signed Integer                                ;
+------------------------+-------+-----------------------------------------------+
Note: In order to hide this table in the UI and the text report file, please set the "Show Parameter Settings in Synthesis Report" option in "Analysis and Synthesis Settings -> More Settings" to "Off".


+-----------------------------------------------------------------------------------------------------------------------+
; Port Connectivity Checks: "ClockGenerator:clockGenerator_1hz"                                                         ;
+-------------+--------+----------+-------------------------------------------------------------------------------------+
; Port        ; Type   ; Severity ; Details                                                                             ;
+-------------+--------+----------+-------------------------------------------------------------------------------------+
; outputClock ; Output ; Info     ; Connected to dangling logic. Logic that only feeds a dangling port will be removed. ;
+-------------+--------+----------+-------------------------------------------------------------------------------------+


+-------------------------------------------------------------------------------------------------------------------------------------------------+
; Port Connectivity Checks: "MusicKeysController:musicKeysController"                                                                             ;
+------------------+--------+----------+----------------------------------------------------------------------------------------------------------+
; Port             ; Type   ; Severity ; Details                                                                                                  ;
+------------------+--------+----------+----------------------------------------------------------------------------------------------------------+
; outputKeyPressed ; Output ; Info     ; Connected to dangling logic. Logic that only feeds a dangling port will be removed.                      ;
; debugString      ; Output ; Warning  ; Declared by entity but not connected by instance. Logic that only feeds a dangling port will be removed. ;
+------------------+--------+----------+----------------------------------------------------------------------------------------------------------+


+----------------------------------------------------------------------------------------------------------------------------------------------------------------------------------------------------------------------+
; Port Connectivity Checks: "MusicBoxStateController:musicBoxStateController|MusicBoxState_PlaySong0:musicBoxState_PlaySong0"                                                                                          ;
+--------------+-------+----------+------------------------------------------------------------------------------------------------------------------------------------------------------------------------------------+
; Port         ; Type  ; Severity ; Details                                                                                                                                                                            ;
+--------------+-------+----------+------------------------------------------------------------------------------------------------------------------------------------------------------------------------------------+
; currentState ; Input ; Warning  ; Input port expression (32 bits) is wider than the input port (5 bits) it drives.  The 27 most-significant bit(s) in the expression will be dangling if they have no other fanouts. ;
+--------------+-------+----------+------------------------------------------------------------------------------------------------------------------------------------------------------------------------------------+


+------------------------------------------------------------------------------------------------------------------------------+
; Port Connectivity Checks: "MusicBoxStateController:musicBoxStateController"                                                  ;
+--------------------+--------+----------+-------------------------------------------------------------------------------------+
; Port               ; Type   ; Severity ; Details                                                                             ;
+--------------------+--------+----------+-------------------------------------------------------------------------------------+
; debugString[31..5] ; Output ; Info     ; Connected to dangling logic. Logic that only feeds a dangling port will be removed. ;
+--------------------+--------+----------+-------------------------------------------------------------------------------------+


+-----------------------------------------------------+
; Post-Synthesis Netlist Statistics for Top Partition ;
+-----------------------+-----------------------------+
; Type                  ; Count                       ;
+-----------------------+-----------------------------+
; boundary_port         ; 114                         ;
; cycloneiii_ff         ; 104                         ;
;     CLR               ; 3                           ;
;     ENA CLR SCLR      ; 68                          ;
;     ENA SCLR          ; 16                          ;
;     plain             ; 17                          ;
; cycloneiii_io_obuf    ; 16                          ;
; cycloneiii_lcell_comb ; 161                         ;
;     arith             ; 93                          ;
;         2 data inputs ; 93                          ;
;     normal            ; 68                          ;
;         0 data inputs ; 1                           ;
;         1 data inputs ; 6                           ;
;         2 data inputs ; 4                           ;
;         3 data inputs ; 3                           ;
;         4 data inputs ; 54                          ;
;                       ;                             ;
; Max LUT depth         ; 6.00                        ;
; Average LUT depth     ; 2.82                        ;
+-----------------------+-----------------------------+


+-------------------------------+
; Elapsed Time Per Partition    ;
+----------------+--------------+
; Partition Name ; Elapsed Time ;
+----------------+--------------+
; Top            ; 00:00:00     ;
+----------------+--------------+


+-------------------------------+
; Analysis & Synthesis Messages ;
+-------------------------------+
Info: *******************************************************************
Info: Running Quartus Prime Analysis & Synthesis
    Info: Version 18.0.0 Build 614 04/24/2018 SJ Lite Edition
    Info: Processing started: Sun Jan 26 13:13:51 2020
Info: Command: quartus_map --read_settings_files=on --write_settings_files=off FPGA_Music_Box -c FPGA_Music_Box
Warning (18236): Number of processors has not been specified which may cause overloading on shared machines.  Set the global assignment NUM_PARALLEL_PROCESSORS in your QSF to an appropriate value for best performance.
Info (20030): Parallel compilation is enabled and will use 2 of the 2 processors detected
Info (12021): Found 1 design units, including 1 entities, in source file source code/utility/clockgenerator.sv
    Info (12023): Found entity 1: ClockGenerator File: C:/Users/Graham/Google Drive/SCHOOL/W20/ECE 342 JUNIOR DESIGN II/Music Box Quartus/Source Code/Utility/ClockGenerator.sv Line: 9
Info (12021): Found 1 design units, including 1 entities, in source file source code/user interface modules/musicboxstate_playsong0.sv
    Info (12023): Found entity 1: MusicBoxState_PlaySong0 File: C:/Users/Graham/Google Drive/SCHOOL/W20/ECE 342 JUNIOR DESIGN II/Music Box Quartus/Source Code/User Interface Modules/MusicBoxState_PlaySong0.sv Line: 1
Info (12021): Found 1 design units, including 1 entities, in source file source code/user interface modules/musickeyscontroller.sv
    Info (12023): Found entity 1: MusicKeysController File: C:/Users/Graham/Google Drive/SCHOOL/W20/ECE 342 JUNIOR DESIGN II/Music Box Quartus/Source Code/User Interface Modules/MusicKeysController.sv Line: 1
Info (12021): Found 1 design units, including 1 entities, in source file source code/user interface modules/musicboxstatecontroller.sv
    Info (12023): Found entity 1: MusicBoxStateController File: C:/Users/Graham/Google Drive/SCHOOL/W20/ECE 342 JUNIOR DESIGN II/Music Box Quartus/Source Code/User Interface Modules/MusicBoxStateController.sv Line: 25
Info (12021): Found 1 design units, including 1 entities, in source file source code/user interface modules/ui_triggersmoother.sv
    Info (12023): Found entity 1: UI_TriggerSmoother File: C:/Users/Graham/Google Drive/SCHOOL/W20/ECE 342 JUNIOR DESIGN II/Music Box Quartus/Source Code/User Interface Modules/UI_TriggerSmoother.sv Line: 10
Info (12021): Found 1 design units, including 1 entities, in source file source code/musicbox_main.sv
    Info (12023): Found entity 1: MusicBox_Main File: C:/Users/Graham/Google Drive/SCHOOL/W20/ECE 342 JUNIOR DESIGN II/Music Box Quartus/Source Code/MusicBox_Main.sv Line: 3
Info (12127): Elaborating entity "MusicBox_Main" for the top level hierarchy
Warning (10230): Verilog HDL assignment warning at MusicBox_Main.sv(89): truncated value with size 32 to match size of target (10) File: C:/Users/Graham/Google Drive/SCHOOL/W20/ECE 342 JUNIOR DESIGN II/Music Box Quartus/Source Code/MusicBox_Main.sv Line: 89
Warning (10034): Output port "max10Board_LEDSegments" at MusicBox_Main.sv(8) has no driver File: C:/Users/Graham/Google Drive/SCHOOL/W20/ECE 342 JUNIOR DESIGN II/Music Box Quartus/Source Code/MusicBox_Main.sv Line: 8
Warning (10034): Output port "max10Board_SDRAM_Address" at MusicBox_Main.sv(46) has no driver File: C:/Users/Graham/Google Drive/SCHOOL/W20/ECE 342 JUNIOR DESIGN II/Music Box Quartus/Source Code/MusicBox_Main.sv Line: 46
Warning (10034): Output port "max10Board_SDRAM_BankAddress" at MusicBox_Main.sv(47) has no driver File: C:/Users/Graham/Google Drive/SCHOOL/W20/ECE 342 JUNIOR DESIGN II/Music Box Quartus/Source Code/MusicBox_Main.sv Line: 47
Warning (10034): Output port "max10Board_SDRAM_Clock" at MusicBox_Main.sv(44) has no driver File: C:/Users/Graham/Google Drive/SCHOOL/W20/ECE 342 JUNIOR DESIGN II/Music Box Quartus/Source Code/MusicBox_Main.sv Line: 44
Warning (10034): Output port "max10Board_SDRAM_ClockEnable" at MusicBox_Main.sv(45) has no driver File: C:/Users/Graham/Google Drive/SCHOOL/W20/ECE 342 JUNIOR DESIGN II/Music Box Quartus/Source Code/MusicBox_Main.sv Line: 45
Warning (10034): Output port "max10Board_SDRAM_DataMask0" at MusicBox_Main.sv(51) has no driver File: C:/Users/Graham/Google Drive/SCHOOL/W20/ECE 342 JUNIOR DESIGN II/Music Box Quartus/Source Code/MusicBox_Main.sv Line: 51
Warning (10034): Output port "max10Board_SDRAM_DataMask1" at MusicBox_Main.sv(52) has no driver File: C:/Users/Graham/Google Drive/SCHOOL/W20/ECE 342 JUNIOR DESIGN II/Music Box Quartus/Source Code/MusicBox_Main.sv Line: 52
Warning (10034): Output port "max10Board_SDRAM_ChipSelect_n" at MusicBox_Main.sv(53) has no driver File: C:/Users/Graham/Google Drive/SCHOOL/W20/ECE 342 JUNIOR DESIGN II/Music Box Quartus/Source Code/MusicBox_Main.sv Line: 53
Warning (10034): Output port "max10Board_SDRAM_WriteEnable_n" at MusicBox_Main.sv(54) has no driver File: C:/Users/Graham/Google Drive/SCHOOL/W20/ECE 342 JUNIOR DESIGN II/Music Box Quartus/Source Code/MusicBox_Main.sv Line: 54
Warning (10034): Output port "max10Board_SDRAM_ColumnAddressStrobe_n" at MusicBox_Main.sv(55) has no driver File: C:/Users/Graham/Google Drive/SCHOOL/W20/ECE 342 JUNIOR DESIGN II/Music Box Quartus/Source Code/MusicBox_Main.sv Line: 55
Warning (10034): Output port "max10Board_SDRAM_RowAddressStrobe_n" at MusicBox_Main.sv(56) has no driver File: C:/Users/Graham/Google Drive/SCHOOL/W20/ECE 342 JUNIOR DESIGN II/Music Box Quartus/Source Code/MusicBox_Main.sv Line: 56
Info (12128): Elaborating entity "MusicBoxStateController" for hierarchy "MusicBoxStateController:musicBoxStateController" File: C:/Users/Graham/Google Drive/SCHOOL/W20/ECE 342 JUNIOR DESIGN II/Music Box Quartus/Source Code/MusicBox_Main.sv Line: 121
Warning (10230): Verilog HDL assignment warning at MusicBoxStateController.sv(40): truncated value with size 32 to match size of target (5) File: C:/Users/Graham/Google Drive/SCHOOL/W20/ECE 342 JUNIOR DESIGN II/Music Box Quartus/Source Code/User Interface Modules/MusicBoxStateController.sv Line: 40
Info (12128): Elaborating entity "MusicBoxState_PlaySong0" for hierarchy "MusicBoxStateController:musicBoxStateController|MusicBoxState_PlaySong0:musicBoxState_PlaySong0" File: C:/Users/Graham/Google Drive/SCHOOL/W20/ECE 342 JUNIOR DESIGN II/Music Box Quartus/Source Code/User Interface Modules/MusicBoxStateController.sv Line: 111
Warning (10230): Verilog HDL assignment warning at MusicBoxState_PlaySong0.sv(32): truncated value with size 32 to match size of target (16) File: C:/Users/Graham/Google Drive/SCHOOL/W20/ECE 342 JUNIOR DESIGN II/Music Box Quartus/Source Code/User Interface Modules/MusicBoxState_PlaySong0.sv Line: 32
Info (12128): Elaborating entity "MusicKeysController" for hierarchy "MusicKeysController:musicKeysController" File: C:/Users/Graham/Google Drive/SCHOOL/W20/ECE 342 JUNIOR DESIGN II/Music Box Quartus/Source Code/MusicBox_Main.sv Line: 133
Warning (10230): Verilog HDL assignment warning at MusicKeysController.sv(15): truncated value with size 32 to match size of target (1) File: C:/Users/Graham/Google Drive/SCHOOL/W20/ECE 342 JUNIOR DESIGN II/Music Box Quartus/Source Code/User Interface Modules/MusicKeysController.sv Line: 15
Warning (10230): Verilog HDL assignment warning at MusicKeysController.sv(16): truncated value with size 32 to match size of target (1) File: C:/Users/Graham/Google Drive/SCHOOL/W20/ECE 342 JUNIOR DESIGN II/Music Box Quartus/Source Code/User Interface Modules/MusicKeysController.sv Line: 16
Warning (10230): Verilog HDL assignment warning at MusicKeysController.sv(17): truncated value with size 32 to match size of target (1) File: C:/Users/Graham/Google Drive/SCHOOL/W20/ECE 342 JUNIOR DESIGN II/Music Box Quartus/Source Code/User Interface Modules/MusicKeysController.sv Line: 17
Warning (10230): Verilog HDL assignment warning at MusicKeysController.sv(18): truncated value with size 32 to match size of target (1) File: C:/Users/Graham/Google Drive/SCHOOL/W20/ECE 342 JUNIOR DESIGN II/Music Box Quartus/Source Code/User Interface Modules/MusicKeysController.sv Line: 18
Warning (10230): Verilog HDL assignment warning at MusicKeysController.sv(19): truncated value with size 32 to match size of target (1) File: C:/Users/Graham/Google Drive/SCHOOL/W20/ECE 342 JUNIOR DESIGN II/Music Box Quartus/Source Code/User Interface Modules/MusicKeysController.sv Line: 19
Warning (10230): Verilog HDL assignment warning at MusicKeysController.sv(20): truncated value with size 32 to match size of target (1) File: C:/Users/Graham/Google Drive/SCHOOL/W20/ECE 342 JUNIOR DESIGN II/Music Box Quartus/Source Code/User Interface Modules/MusicKeysController.sv Line: 20
Warning (10034): Output port "debugString" at MusicKeysController.sv(7) has no driver File: C:/Users/Graham/Google Drive/SCHOOL/W20/ECE 342 JUNIOR DESIGN II/Music Box Quartus/Source Code/User Interface Modules/MusicKeysController.sv Line: 7
Info (12128): Elaborating entity "UI_TriggerSmoother" for hierarchy "UI_TriggerSmoother:UIs_MusicKeys0" File: C:/Users/Graham/Google Drive/SCHOOL/W20/ECE 342 JUNIOR DESIGN II/Music Box Quartus/Source Code/MusicBox_Main.sv Line: 146
Warning (10230): Verilog HDL assignment warning at UI_TriggerSmoother.sv(30): truncated value with size 32 to match size of target (17) File: C:/Users/Graham/Google Drive/SCHOOL/W20/ECE 342 JUNIOR DESIGN II/Music Box Quartus/Source Code/User Interface Modules/UI_TriggerSmoother.sv Line: 30
Info (12128): Elaborating entity "ClockGenerator" for hierarchy "ClockGenerator:clockGenerator_1Khz" File: C:/Users/Graham/Google Drive/SCHOOL/W20/ECE 342 JUNIOR DESIGN II/Music Box Quartus/Source Code/MusicBox_Main.sv Line: 212
Warning (10230): Verilog HDL assignment warning at ClockGenerator.sv(35): truncated value with size 32 to match size of target (15) File: C:/Users/Graham/Google Drive/SCHOOL/W20/ECE 342 JUNIOR DESIGN II/Music Box Quartus/Source Code/Utility/ClockGenerator.sv Line: 35
Info (12128): Elaborating entity "ClockGenerator" for hierarchy "ClockGenerator:clockGenerator_1hz" File: C:/Users/Graham/Google Drive/SCHOOL/W20/ECE 342 JUNIOR DESIGN II/Music Box Quartus/Source Code/MusicBox_Main.sv Line: 221
Warning (10230): Verilog HDL assignment warning at ClockGenerator.sv(35): truncated value with size 32 to match size of target (10) File: C:/Users/Graham/Google Drive/SCHOOL/W20/ECE 342 JUNIOR DESIGN II/Music Box Quartus/Source Code/Utility/ClockGenerator.sv Line: 35
Warning (12241): 2 hierarchies have connectivity warnings - see the Connectivity Checks report folder
Warning (13039): The following bidirectional pins have no drivers
    Warning (13040): bidirectional pin "max10Board_SDRAM_Data[0]" has no driver File: C:/Users/Graham/Google Drive/SCHOOL/W20/ECE 342 JUNIOR DESIGN II/Music Box Quartus/Source Code/MusicBox_Main.sv Line: 48
    Warning (13040): bidirectional pin "max10Board_SDRAM_Data[1]" has no driver File: C:/Users/Graham/Google Drive/SCHOOL/W20/ECE 342 JUNIOR DESIGN II/Music Box Quartus/Source Code/MusicBox_Main.sv Line: 48
    Warning (13040): bidirectional pin "max10Board_SDRAM_Data[2]" has no driver File: C:/Users/Graham/Google Drive/SCHOOL/W20/ECE 342 JUNIOR DESIGN II/Music Box Quartus/Source Code/MusicBox_Main.sv Line: 48
    Warning (13040): bidirectional pin "max10Board_SDRAM_Data[3]" has no driver File: C:/Users/Graham/Google Drive/SCHOOL/W20/ECE 342 JUNIOR DESIGN II/Music Box Quartus/Source Code/MusicBox_Main.sv Line: 48
    Warning (13040): bidirectional pin "max10Board_SDRAM_Data[4]" has no driver File: C:/Users/Graham/Google Drive/SCHOOL/W20/ECE 342 JUNIOR DESIGN II/Music Box Quartus/Source Code/MusicBox_Main.sv Line: 48
    Warning (13040): bidirectional pin "max10Board_SDRAM_Data[5]" has no driver File: C:/Users/Graham/Google Drive/SCHOOL/W20/ECE 342 JUNIOR DESIGN II/Music Box Quartus/Source Code/MusicBox_Main.sv Line: 48
    Warning (13040): bidirectional pin "max10Board_SDRAM_Data[6]" has no driver File: C:/Users/Graham/Google Drive/SCHOOL/W20/ECE 342 JUNIOR DESIGN II/Music Box Quartus/Source Code/MusicBox_Main.sv Line: 48
    Warning (13040): bidirectional pin "max10Board_SDRAM_Data[7]" has no driver File: C:/Users/Graham/Google Drive/SCHOOL/W20/ECE 342 JUNIOR DESIGN II/Music Box Quartus/Source Code/MusicBox_Main.sv Line: 48
    Warning (13040): bidirectional pin "max10Board_SDRAM_Data[8]" has no driver File: C:/Users/Graham/Google Drive/SCHOOL/W20/ECE 342 JUNIOR DESIGN II/Music Box Quartus/Source Code/MusicBox_Main.sv Line: 48
    Warning (13040): bidirectional pin "max10Board_SDRAM_Data[9]" has no driver File: C:/Users/Graham/Google Drive/SCHOOL/W20/ECE 342 JUNIOR DESIGN II/Music Box Quartus/Source Code/MusicBox_Main.sv Line: 48
    Warning (13040): bidirectional pin "max10Board_SDRAM_Data[10]" has no driver File: C:/Users/Graham/Google Drive/SCHOOL/W20/ECE 342 JUNIOR DESIGN II/Music Box Quartus/Source Code/MusicBox_Main.sv Line: 48
    Warning (13040): bidirectional pin "max10Board_SDRAM_Data[11]" has no driver File: C:/Users/Graham/Google Drive/SCHOOL/W20/ECE 342 JUNIOR DESIGN II/Music Box Quartus/Source Code/MusicBox_Main.sv Line: 48
    Warning (13040): bidirectional pin "max10Board_SDRAM_Data[12]" has no driver File: C:/Users/Graham/Google Drive/SCHOOL/W20/ECE 342 JUNIOR DESIGN II/Music Box Quartus/Source Code/MusicBox_Main.sv Line: 48
    Warning (13040): bidirectional pin "max10Board_SDRAM_Data[13]" has no driver File: C:/Users/Graham/Google Drive/SCHOOL/W20/ECE 342 JUNIOR DESIGN II/Music Box Quartus/Source Code/MusicBox_Main.sv Line: 48
    Warning (13040): bidirectional pin "max10Board_SDRAM_Data[14]" has no driver File: C:/Users/Graham/Google Drive/SCHOOL/W20/ECE 342 JUNIOR DESIGN II/Music Box Quartus/Source Code/MusicBox_Main.sv Line: 48
    Warning (13040): bidirectional pin "max10Board_SDRAM_Data[15]" has no driver File: C:/Users/Graham/Google Drive/SCHOOL/W20/ECE 342 JUNIOR DESIGN II/Music Box Quartus/Source Code/MusicBox_Main.sv Line: 48
Warning (13024): Output pins are stuck at VCC or GND
    Warning (13410): Pin "max10Board_LEDSegments[0][0]" is stuck at GND File: C:/Users/Graham/Google Drive/SCHOOL/W20/ECE 342 JUNIOR DESIGN II/Music Box Quartus/Source Code/MusicBox_Main.sv Line: 8
    Warning (13410): Pin "max10Board_LEDSegments[0][1]" is stuck at GND File: C:/Users/Graham/Google Drive/SCHOOL/W20/ECE 342 JUNIOR DESIGN II/Music Box Quartus/Source Code/MusicBox_Main.sv Line: 8
    Warning (13410): Pin "max10Board_LEDSegments[0][2]" is stuck at GND File: C:/Users/Graham/Google Drive/SCHOOL/W20/ECE 342 JUNIOR DESIGN II/Music Box Quartus/Source Code/MusicBox_Main.sv Line: 8
    Warning (13410): Pin "max10Board_LEDSegments[0][3]" is stuck at GND File: C:/Users/Graham/Google Drive/SCHOOL/W20/ECE 342 JUNIOR DESIGN II/Music Box Quartus/Source Code/MusicBox_Main.sv Line: 8
    Warning (13410): Pin "max10Board_LEDSegments[0][4]" is stuck at GND File: C:/Users/Graham/Google Drive/SCHOOL/W20/ECE 342 JUNIOR DESIGN II/Music Box Quartus/Source Code/MusicBox_Main.sv Line: 8
    Warning (13410): Pin "max10Board_LEDSegments[0][5]" is stuck at GND File: C:/Users/Graham/Google Drive/SCHOOL/W20/ECE 342 JUNIOR DESIGN II/Music Box Quartus/Source Code/MusicBox_Main.sv Line: 8
    Warning (13410): Pin "max10Board_LEDSegments[0][6]" is stuck at GND File: C:/Users/Graham/Google Drive/SCHOOL/W20/ECE 342 JUNIOR DESIGN II/Music Box Quartus/Source Code/MusicBox_Main.sv Line: 8
    Warning (13410): Pin "max10Board_LEDSegments[1][0]" is stuck at GND File: C:/Users/Graham/Google Drive/SCHOOL/W20/ECE 342 JUNIOR DESIGN II/Music Box Quartus/Source Code/MusicBox_Main.sv Line: 8
    Warning (13410): Pin "max10Board_LEDSegments[1][1]" is stuck at GND File: C:/Users/Graham/Google Drive/SCHOOL/W20/ECE 342 JUNIOR DESIGN II/Music Box Quartus/Source Code/MusicBox_Main.sv Line: 8
    Warning (13410): Pin "max10Board_LEDSegments[1][2]" is stuck at GND File: C:/Users/Graham/Google Drive/SCHOOL/W20/ECE 342 JUNIOR DESIGN II/Music Box Quartus/Source Code/MusicBox_Main.sv Line: 8
    Warning (13410): Pin "max10Board_LEDSegments[1][3]" is stuck at GND File: C:/Users/Graham/Google Drive/SCHOOL/W20/ECE 342 JUNIOR DESIGN II/Music Box Quartus/Source Code/MusicBox_Main.sv Line: 8
    Warning (13410): Pin "max10Board_LEDSegments[1][4]" is stuck at GND File: C:/Users/Graham/Google Drive/SCHOOL/W20/ECE 342 JUNIOR DESIGN II/Music Box Quartus/Source Code/MusicBox_Main.sv Line: 8
    Warning (13410): Pin "max10Board_LEDSegments[1][5]" is stuck at GND File: C:/Users/Graham/Google Drive/SCHOOL/W20/ECE 342 JUNIOR DESIGN II/Music Box Quartus/Source Code/MusicBox_Main.sv Line: 8
    Warning (13410): Pin "max10Board_LEDSegments[1][6]" is stuck at GND File: C:/Users/Graham/Google Drive/SCHOOL/W20/ECE 342 JUNIOR DESIGN II/Music Box Quartus/Source Code/MusicBox_Main.sv Line: 8
    Warning (13410): Pin "max10Board_LEDSegments[2][0]" is stuck at GND File: C:/Users/Graham/Google Drive/SCHOOL/W20/ECE 342 JUNIOR DESIGN II/Music Box Quartus/Source Code/MusicBox_Main.sv Line: 8
    Warning (13410): Pin "max10Board_LEDSegments[2][1]" is stuck at GND File: C:/Users/Graham/Google Drive/SCHOOL/W20/ECE 342 JUNIOR DESIGN II/Music Box Quartus/Source Code/MusicBox_Main.sv Line: 8
    Warning (13410): Pin "max10Board_LEDSegments[2][2]" is stuck at GND File: C:/Users/Graham/Google Drive/SCHOOL/W20/ECE 342 JUNIOR DESIGN II/Music Box Quartus/Source Code/MusicBox_Main.sv Line: 8
    Warning (13410): Pin "max10Board_LEDSegments[2][3]" is stuck at GND File: C:/Users/Graham/Google Drive/SCHOOL/W20/ECE 342 JUNIOR DESIGN II/Music Box Quartus/Source Code/MusicBox_Main.sv Line: 8
    Warning (13410): Pin "max10Board_LEDSegments[2][4]" is stuck at GND File: C:/Users/Graham/Google Drive/SCHOOL/W20/ECE 342 JUNIOR DESIGN II/Music Box Quartus/Source Code/MusicBox_Main.sv Line: 8
    Warning (13410): Pin "max10Board_LEDSegments[2][5]" is stuck at GND File: C:/Users/Graham/Google Drive/SCHOOL/W20/ECE 342 JUNIOR DESIGN II/Music Box Quartus/Source Code/MusicBox_Main.sv Line: 8
    Warning (13410): Pin "max10Board_LEDSegments[2][6]" is stuck at GND File: C:/Users/Graham/Google Drive/SCHOOL/W20/ECE 342 JUNIOR DESIGN II/Music Box Quartus/Source Code/MusicBox_Main.sv Line: 8
    Warning (13410): Pin "max10Board_LEDSegments[3][0]" is stuck at GND File: C:/Users/Graham/Google Drive/SCHOOL/W20/ECE 342 JUNIOR DESIGN II/Music Box Quartus/Source Code/MusicBox_Main.sv Line: 8
    Warning (13410): Pin "max10Board_LEDSegments[3][1]" is stuck at GND File: C:/Users/Graham/Google Drive/SCHOOL/W20/ECE 342 JUNIOR DESIGN II/Music Box Quartus/Source Code/MusicBox_Main.sv Line: 8
    Warning (13410): Pin "max10Board_LEDSegments[3][2]" is stuck at GND File: C:/Users/Graham/Google Drive/SCHOOL/W20/ECE 342 JUNIOR DESIGN II/Music Box Quartus/Source Code/MusicBox_Main.sv Line: 8
    Warning (13410): Pin "max10Board_LEDSegments[3][3]" is stuck at GND File: C:/Users/Graham/Google Drive/SCHOOL/W20/ECE 342 JUNIOR DESIGN II/Music Box Quartus/Source Code/MusicBox_Main.sv Line: 8
    Warning (13410): Pin "max10Board_LEDSegments[3][4]" is stuck at GND File: C:/Users/Graham/Google Drive/SCHOOL/W20/ECE 342 JUNIOR DESIGN II/Music Box Quartus/Source Code/MusicBox_Main.sv Line: 8
    Warning (13410): Pin "max10Board_LEDSegments[3][5]" is stuck at GND File: C:/Users/Graham/Google Drive/SCHOOL/W20/ECE 342 JUNIOR DESIGN II/Music Box Quartus/Source Code/MusicBox_Main.sv Line: 8
    Warning (13410): Pin "max10Board_LEDSegments[3][6]" is stuck at GND File: C:/Users/Graham/Google Drive/SCHOOL/W20/ECE 342 JUNIOR DESIGN II/Music Box Quartus/Source Code/MusicBox_Main.sv Line: 8
    Warning (13410): Pin "max10Board_LEDSegments[4][0]" is stuck at GND File: C:/Users/Graham/Google Drive/SCHOOL/W20/ECE 342 JUNIOR DESIGN II/Music Box Quartus/Source Code/MusicBox_Main.sv Line: 8
    Warning (13410): Pin "max10Board_LEDSegments[4][1]" is stuck at GND File: C:/Users/Graham/Google Drive/SCHOOL/W20/ECE 342 JUNIOR DESIGN II/Music Box Quartus/Source Code/MusicBox_Main.sv Line: 8
    Warning (13410): Pin "max10Board_LEDSegments[4][2]" is stuck at GND File: C:/Users/Graham/Google Drive/SCHOOL/W20/ECE 342 JUNIOR DESIGN II/Music Box Quartus/Source Code/MusicBox_Main.sv Line: 8
    Warning (13410): Pin "max10Board_LEDSegments[4][3]" is stuck at GND File: C:/Users/Graham/Google Drive/SCHOOL/W20/ECE 342 JUNIOR DESIGN II/Music Box Quartus/Source Code/MusicBox_Main.sv Line: 8
    Warning (13410): Pin "max10Board_LEDSegments[4][4]" is stuck at GND File: C:/Users/Graham/Google Drive/SCHOOL/W20/ECE 342 JUNIOR DESIGN II/Music Box Quartus/Source Code/MusicBox_Main.sv Line: 8
    Warning (13410): Pin "max10Board_LEDSegments[4][5]" is stuck at GND File: C:/Users/Graham/Google Drive/SCHOOL/W20/ECE 342 JUNIOR DESIGN II/Music Box Quartus/Source Code/MusicBox_Main.sv Line: 8
    Warning (13410): Pin "max10Board_LEDSegments[4][6]" is stuck at GND File: C:/Users/Graham/Google Drive/SCHOOL/W20/ECE 342 JUNIOR DESIGN II/Music Box Quartus/Source Code/MusicBox_Main.sv Line: 8
    Warning (13410): Pin "max10Board_LEDSegments[5][0]" is stuck at GND File: C:/Users/Graham/Google Drive/SCHOOL/W20/ECE 342 JUNIOR DESIGN II/Music Box Quartus/Source Code/MusicBox_Main.sv Line: 8
    Warning (13410): Pin "max10Board_LEDSegments[5][1]" is stuck at GND File: C:/Users/Graham/Google Drive/SCHOOL/W20/ECE 342 JUNIOR DESIGN II/Music Box Quartus/Source Code/MusicBox_Main.sv Line: 8
    Warning (13410): Pin "max10Board_LEDSegments[5][2]" is stuck at GND File: C:/Users/Graham/Google Drive/SCHOOL/W20/ECE 342 JUNIOR DESIGN II/Music Box Quartus/Source Code/MusicBox_Main.sv Line: 8
    Warning (13410): Pin "max10Board_LEDSegments[5][3]" is stuck at GND File: C:/Users/Graham/Google Drive/SCHOOL/W20/ECE 342 JUNIOR DESIGN II/Music Box Quartus/Source Code/MusicBox_Main.sv Line: 8
    Warning (13410): Pin "max10Board_LEDSegments[5][4]" is stuck at GND File: C:/Users/Graham/Google Drive/SCHOOL/W20/ECE 342 JUNIOR DESIGN II/Music Box Quartus/Source Code/MusicBox_Main.sv Line: 8
    Warning (13410): Pin "max10Board_LEDSegments[5][5]" is stuck at GND File: C:/Users/Graham/Google Drive/SCHOOL/W20/ECE 342 JUNIOR DESIGN II/Music Box Quartus/Source Code/MusicBox_Main.sv Line: 8
    Warning (13410): Pin "max10Board_LEDSegments[5][6]" is stuck at GND File: C:/Users/Graham/Google Drive/SCHOOL/W20/ECE 342 JUNIOR DESIGN II/Music Box Quartus/Source Code/MusicBox_Main.sv Line: 8
    Warning (13410): Pin "max10Board_LED[3]" is stuck at GND File: C:/Users/Graham/Google Drive/SCHOOL/W20/ECE 342 JUNIOR DESIGN II/Music Box Quartus/Source Code/MusicBox_Main.sv Line: 33
    Warning (13410): Pin "max10Board_LED[4]" is stuck at GND File: C:/Users/Graham/Google Drive/SCHOOL/W20/ECE 342 JUNIOR DESIGN II/Music Box Quartus/Source Code/MusicBox_Main.sv Line: 33
    Warning (13410): Pin "max10Board_SDRAM_Clock" is stuck at GND File: C:/Users/Graham/Google Drive/SCHOOL/W20/ECE 342 JUNIOR DESIGN II/Music Box Quartus/Source Code/MusicBox_Main.sv Line: 44
    Warning (13410): Pin "max10Board_SDRAM_ClockEnable" is stuck at GND File: C:/Users/Graham/Google Drive/SCHOOL/W20/ECE 342 JUNIOR DESIGN II/Music Box Quartus/Source Code/MusicBox_Main.sv Line: 45
    Warning (13410): Pin "max10Board_SDRAM_Address[0]" is stuck at GND File: C:/Users/Graham/Google Drive/SCHOOL/W20/ECE 342 JUNIOR DESIGN II/Music Box Quartus/Source Code/MusicBox_Main.sv Line: 46
    Warning (13410): Pin "max10Board_SDRAM_Address[1]" is stuck at GND File: C:/Users/Graham/Google Drive/SCHOOL/W20/ECE 342 JUNIOR DESIGN II/Music Box Quartus/Source Code/MusicBox_Main.sv Line: 46
    Warning (13410): Pin "max10Board_SDRAM_Address[2]" is stuck at GND File: C:/Users/Graham/Google Drive/SCHOOL/W20/ECE 342 JUNIOR DESIGN II/Music Box Quartus/Source Code/MusicBox_Main.sv Line: 46
    Warning (13410): Pin "max10Board_SDRAM_Address[3]" is stuck at GND File: C:/Users/Graham/Google Drive/SCHOOL/W20/ECE 342 JUNIOR DESIGN II/Music Box Quartus/Source Code/MusicBox_Main.sv Line: 46
    Warning (13410): Pin "max10Board_SDRAM_Address[4]" is stuck at GND File: C:/Users/Graham/Google Drive/SCHOOL/W20/ECE 342 JUNIOR DESIGN II/Music Box Quartus/Source Code/MusicBox_Main.sv Line: 46
    Warning (13410): Pin "max10Board_SDRAM_Address[5]" is stuck at GND File: C:/Users/Graham/Google Drive/SCHOOL/W20/ECE 342 JUNIOR DESIGN II/Music Box Quartus/Source Code/MusicBox_Main.sv Line: 46
    Warning (13410): Pin "max10Board_SDRAM_Address[6]" is stuck at GND File: C:/Users/Graham/Google Drive/SCHOOL/W20/ECE 342 JUNIOR DESIGN II/Music Box Quartus/Source Code/MusicBox_Main.sv Line: 46
    Warning (13410): Pin "max10Board_SDRAM_Address[7]" is stuck at GND File: C:/Users/Graham/Google Drive/SCHOOL/W20/ECE 342 JUNIOR DESIGN II/Music Box Quartus/Source Code/MusicBox_Main.sv Line: 46
    Warning (13410): Pin "max10Board_SDRAM_Address[8]" is stuck at GND File: C:/Users/Graham/Google Drive/SCHOOL/W20/ECE 342 JUNIOR DESIGN II/Music Box Quartus/Source Code/MusicBox_Main.sv Line: 46
    Warning (13410): Pin "max10Board_SDRAM_Address[9]" is stuck at GND File: C:/Users/Graham/Google Drive/SCHOOL/W20/ECE 342 JUNIOR DESIGN II/Music Box Quartus/Source Code/MusicBox_Main.sv Line: 46
    Warning (13410): Pin "max10Board_SDRAM_Address[10]" is stuck at GND File: C:/Users/Graham/Google Drive/SCHOOL/W20/ECE 342 JUNIOR DESIGN II/Music Box Quartus/Source Code/MusicBox_Main.sv Line: 46
    Warning (13410): Pin "max10Board_SDRAM_Address[11]" is stuck at GND File: C:/Users/Graham/Google Drive/SCHOOL/W20/ECE 342 JUNIOR DESIGN II/Music Box Quartus/Source Code/MusicBox_Main.sv Line: 46
    Warning (13410): Pin "max10Board_SDRAM_Address[12]" is stuck at GND File: C:/Users/Graham/Google Drive/SCHOOL/W20/ECE 342 JUNIOR DESIGN II/Music Box Quartus/Source Code/MusicBox_Main.sv Line: 46
    Warning (13410): Pin "max10Board_SDRAM_BankAddress[0]" is stuck at GND File: C:/Users/Graham/Google Drive/SCHOOL/W20/ECE 342 JUNIOR DESIGN II/Music Box Quartus/Source Code/MusicBox_Main.sv Line: 47
    Warning (13410): Pin "max10Board_SDRAM_BankAddress[1]" is stuck at GND File: C:/Users/Graham/Google Drive/SCHOOL/W20/ECE 342 JUNIOR DESIGN II/Music Box Quartus/Source Code/MusicBox_Main.sv Line: 47
    Warning (13410): Pin "max10Board_SDRAM_DataMask0" is stuck at GND File: C:/Users/Graham/Google Drive/SCHOOL/W20/ECE 342 JUNIOR DESIGN II/Music Box Quartus/Source Code/MusicBox_Main.sv Line: 51
    Warning (13410): Pin "max10Board_SDRAM_DataMask1" is stuck at GND File: C:/Users/Graham/Google Drive/SCHOOL/W20/ECE 342 JUNIOR DESIGN II/Music Box Quartus/Source Code/MusicBox_Main.sv Line: 52
    Warning (13410): Pin "max10Board_SDRAM_ChipSelect_n" is stuck at GND File: C:/Users/Graham/Google Drive/SCHOOL/W20/ECE 342 JUNIOR DESIGN II/Music Box Quartus/Source Code/MusicBox_Main.sv Line: 53
    Warning (13410): Pin "max10Board_SDRAM_WriteEnable_n" is stuck at GND File: C:/Users/Graham/Google Drive/SCHOOL/W20/ECE 342 JUNIOR DESIGN II/Music Box Quartus/Source Code/MusicBox_Main.sv Line: 54
    Warning (13410): Pin "max10Board_SDRAM_ColumnAddressStrobe_n" is stuck at GND File: C:/Users/Graham/Google Drive/SCHOOL/W20/ECE 342 JUNIOR DESIGN II/Music Box Quartus/Source Code/MusicBox_Main.sv Line: 55
    Warning (13410): Pin "max10Board_SDRAM_RowAddressStrobe_n" is stuck at GND File: C:/Users/Graham/Google Drive/SCHOOL/W20/ECE 342 JUNIOR DESIGN II/Music Box Quartus/Source Code/MusicBox_Main.sv Line: 56
Info (286030): Timing-Driven Synthesis is running
Info (144001): Generated suppressed messages file C:/Users/Graham/Google Drive/SCHOOL/W20/ECE 342 JUNIOR DESIGN II/Music Box Quartus/output_files/FPGA_Music_Box.map.smsg
Info (16010): Generating hard_block partition "hard_block:auto_generated_inst"
    Info (16011): Adding 0 node(s), including 0 DDIO, 0 PLL, 0 transceiver and 0 LCELL
Warning (21074): Design contains 17 input pin(s) that do not drive logic
    Warning (15610): No output dependent on input pin "max10Board_Buttons[1]" File: C:/Users/Graham/Google Drive/SCHOOL/W20/ECE 342 JUNIOR DESIGN II/Music Box Quartus/Source Code/MusicBox_Main.sv Line: 59
    Warning (15610): No output dependent on input pin "max10board_switches[0]" File: C:/Users/Graham/Google Drive/SCHOOL/W20/ECE 342 JUNIOR DESIGN II/Music Box Quartus/Source Code/MusicBox_Main.sv Line: 49
    Warning (15610): No output dependent on input pin "max10board_switches[1]" File: C:/Users/Graham/Google Drive/SCHOOL/W20/ECE 342 JUNIOR DESIGN II/Music Box Quartus/Source Code/MusicBox_Main.sv Line: 49
    Warning (15610): No output dependent on input pin "max10board_switches[2]" File: C:/Users/Graham/Google Drive/SCHOOL/W20/ECE 342 JUNIOR DESIGN II/Music Box Quartus/Source Code/MusicBox_Main.sv Line: 49
    Warning (15610): No output dependent on input pin "max10board_switches[3]" File: C:/Users/Graham/Google Drive/SCHOOL/W20/ECE 342 JUNIOR DESIGN II/Music Box Quartus/Source Code/MusicBox_Main.sv Line: 49
    Warning (15610): No output dependent on input pin "max10board_switches[4]" File: C:/Users/Graham/Google Drive/SCHOOL/W20/ECE 342 JUNIOR DESIGN II/Music Box Quartus/Source Code/MusicBox_Main.sv Line: 49
    Warning (15610): No output dependent on input pin "max10board_switches[5]" File: C:/Users/Graham/Google Drive/SCHOOL/W20/ECE 342 JUNIOR DESIGN II/Music Box Quartus/Source Code/MusicBox_Main.sv Line: 49
    Warning (15610): No output dependent on input pin "max10board_switches[6]" File: C:/Users/Graham/Google Drive/SCHOOL/W20/ECE 342 JUNIOR DESIGN II/Music Box Quartus/Source Code/MusicBox_Main.sv Line: 49
    Warning (15610): No output dependent on input pin "max10board_switches[7]" File: C:/Users/Graham/Google Drive/SCHOOL/W20/ECE 342 JUNIOR DESIGN II/Music Box Quartus/Source Code/MusicBox_Main.sv Line: 49
    Warning (15610): No output dependent on input pin "max10board_switches[8]" File: C:/Users/Graham/Google Drive/SCHOOL/W20/ECE 342 JUNIOR DESIGN II/Music Box Quartus/Source Code/MusicBox_Main.sv Line: 49
    Warning (15610): No output dependent on input pin "max10board_switches[9]" File: C:/Users/Graham/Google Drive/SCHOOL/W20/ECE 342 JUNIOR DESIGN II/Music Box Quartus/Source Code/MusicBox_Main.sv Line: 49
    Warning (15610): No output dependent on input pin "max10Board_GPIO_Input_MusicKeys[0]" File: C:/Users/Graham/Google Drive/SCHOOL/W20/ECE 342 JUNIOR DESIGN II/Music Box Quartus/Source Code/MusicBox_Main.sv Line: 38
    Warning (15610): No output dependent on input pin "max10Board_GPIO_Input_MusicKeys[1]" File: C:/Users/Graham/Google Drive/SCHOOL/W20/ECE 342 JUNIOR DESIGN II/Music Box Quartus/Source Code/MusicBox_Main.sv Line: 38
    Warning (15610): No output dependent on input pin "max10Board_GPIO_Input_MusicKeys[2]" File: C:/Users/Graham/Google Drive/SCHOOL/W20/ECE 342 JUNIOR DESIGN II/Music Box Quartus/Source Code/MusicBox_Main.sv Line: 38
    Warning (15610): No output dependent on input pin "max10Board_GPIO_Input_MusicKeys[3]" File: C:/Users/Graham/Google Drive/SCHOOL/W20/ECE 342 JUNIOR DESIGN II/Music Box Quartus/Source Code/MusicBox_Main.sv Line: 38
    Warning (15610): No output dependent on input pin "max10Board_GPIO_Input_MusicKeys[4]" File: C:/Users/Graham/Google Drive/SCHOOL/W20/ECE 342 JUNIOR DESIGN II/Music Box Quartus/Source Code/MusicBox_Main.sv Line: 38
    Warning (15610): No output dependent on input pin "max10Board_GPIO_Input_MusicKeys[5]" File: C:/Users/Graham/Google Drive/SCHOOL/W20/ECE 342 JUNIOR DESIGN II/Music Box Quartus/Source Code/MusicBox_Main.sv Line: 38
Info (21057): Implemented 275 device resources after synthesis - the final resource count might be different
    Info (21058): Implemented 23 input pins
    Info (21059): Implemented 75 output pins
    Info (21060): Implemented 16 bidirectional pins
    Info (21061): Implemented 161 logic cells
Info: Quartus Prime Analysis & Synthesis was successful. 0 errors, 129 warnings
    Info: Peak virtual memory: 4759 megabytes
    Info: Processing ended: Sun Jan 26 13:14:11 2020
    Info: Elapsed time: 00:00:20
    Info: Total CPU time (on all processors): 00:00:41


+------------------------------------------+
; Analysis & Synthesis Suppressed Messages ;
+------------------------------------------+
The suppressed messages can be found in C:/Users/Graham/Google Drive/SCHOOL/W20/ECE 342 JUNIOR DESIGN II/Music Box Quartus/output_files/FPGA_Music_Box.map.smsg.


